<?xml version="1.0" encoding="UTF-8"?>
<testng-results ignored="0" total="1" passed="1" failed="0" skipped="0">
  <reporter-output>
  </reporter-output>
  <suite started-at="2025-03-13T21:15:53 IST" name="Suite" finished-at="2025-03-13T21:16:02 IST" duration-ms="8623">
    <groups>
    </groups>
    <test started-at="2025-03-13T21:15:53 IST" name="Test" finished-at="2025-03-13T21:16:02 IST" duration-ms="8623">
      <class name="test.PracticeTest">
        <test-method is-config="true" signature="setup()[pri:0, instance:test.PracticeTest@635eaaf1]" started-at="2025-03-13T21:15:53 IST" name="setup" finished-at="2025-03-13T21:15:56 IST" duration-ms="3109" status="PASS">
          <reporter-output>
          </reporter-output>
        </test-method> <!-- setup -->
        <test-method signature="testMethod()[pri:0, instance:test.PracticeTest@635eaaf1]" started-at="2025-03-13T21:15:56 IST" name="testMethod" finished-at="2025-03-13T21:16:00 IST" duration-ms="4172" status="PASS">
          <reporter-output>
          </reporter-output>
        </test-method> <!-- testMethod -->
        <test-method is-config="true" signature="tearDown()[pri:0, instance:test.PracticeTest@635eaaf1]" started-at="2025-03-13T21:16:00 IST" name="tearDown" finished-at="2025-03-13T21:16:02 IST" duration-ms="1297" status="PASS">
          <reporter-output>
          </reporter-output>
        </test-method> <!-- tearDown -->
      </class> <!-- test.PracticeTest -->
    </test> <!-- Test -->
  </suite> <!-- Suite -->
</testng-results>
