<?xml version="1.0" encoding="UTF-8"?>
<testng-results ignored="0" total="1" passed="1" failed="0" skipped="0">
  <reporter-output>
  </reporter-output>
  <suite started-at="2025-03-13T12:01:54 IST" name="Default suite" finished-at="2025-03-13T12:02:03 IST" duration-ms="9219">
    <groups>
    </groups>
    <test started-at="2025-03-13T12:01:54 IST" name="Default test" finished-at="2025-03-13T12:02:03 IST" duration-ms="9219">
      <class name="test.PracticeTest">
        <test-method is-config="true" signature="setup()[pri:0, instance:test.PracticeTest@4f83df68]" started-at="2025-03-13T12:01:54 IST" name="setup" finished-at="2025-03-13T12:01:59 IST" duration-ms="5122" status="PASS">
          <reporter-output>
          </reporter-output>
        </test-method> <!-- setup -->
        <test-method signature="testMethod()[pri:0, instance:test.PracticeTest@4f83df68]" started-at="2025-03-13T12:01:59 IST" name="testMethod" finished-at="2025-03-13T12:02:02 IST" duration-ms="3098" status="PASS">
          <reporter-output>
          </reporter-output>
        </test-method> <!-- testMethod -->
        <test-method is-config="true" signature="tearDown()[pri:0, instance:test.PracticeTest@4f83df68]" started-at="2025-03-13T12:02:02 IST" name="tearDown" finished-at="2025-03-13T12:02:03 IST" duration-ms="881" status="PASS">
          <reporter-output>
          </reporter-output>
        </test-method> <!-- tearDown -->
      </class> <!-- test.PracticeTest -->
    </test> <!-- Default test -->
  </suite> <!-- Default suite -->
</testng-results>
